<?xml version="1.0" encoding="UTF-8"?>
<testng-results ignored="0" total="3" passed="3" failed="0" skipped="0">
  <reporter-output>
  </reporter-output>
  <suite started-at="2020-07-18T14:36:06 IST" name="Suite" finished-at="2020-07-18T14:38:22 IST" duration-ms="135838">
    <groups>
    </groups>
    <test started-at="2020-07-18T14:36:06 IST" name="ChromeTest" finished-at="2020-07-18T14:37:23 IST" duration-ms="77244">
      <class name="com.browserstack.test_flipkart.TestFlipkartModule">
        <test-method is-config="true" signature="initiateBrowser(java.lang.String)[pri:0, instance:com.browserstack.test_flipkart.TestFlipkartModule@351d00c0]" started-at="2020-07-18T14:36:06 IST" name="initiateBrowser" finished-at="2020-07-18T14:36:17 IST" duration-ms="11399" status="PASS">
          <params>
            <param index="0">
              <value>
                <![CDATA[Chrome]]>
              </value>
            </param>
          </params>
          <reporter-output>
          </reporter-output>
        </test-method> <!-- initiateBrowser -->
        <test-method signature="testFlipkart()[pri:0, instance:com.browserstack.test_flipkart.TestFlipkartModule@351d00c0]" started-at="2020-07-18T14:36:17 IST" name="testFlipkart" finished-at="2020-07-18T14:37:23 IST" duration-ms="65767" status="PASS">
          <reporter-output>
          </reporter-output>
        </test-method> <!-- testFlipkart -->
      </class> <!-- com.browserstack.test_flipkart.TestFlipkartModule -->
    </test> <!-- ChromeTest -->
    <test started-at="2020-07-18T14:36:06 IST" name="EdgeTest" finished-at="2020-07-18T14:37:23 IST" duration-ms="77243">
      <class name="com.browserstack.test_flipkart.TestFlipkartModule">
        <test-method is-config="true" signature="initiateBrowser(java.lang.String)[pri:0, instance:com.browserstack.test_flipkart.TestFlipkartModule@78691363]" started-at="2020-07-18T14:36:06 IST" name="initiateBrowser" finished-at="2020-07-18T14:36:17 IST" duration-ms="11618" status="PASS">
          <params>
            <param index="0">
              <value>
                <![CDATA[Edge]]>
              </value>
            </param>
          </params>
          <reporter-output>
          </reporter-output>
        </test-method> <!-- initiateBrowser -->
        <test-method signature="testFlipkart()[pri:0, instance:com.browserstack.test_flipkart.TestFlipkartModule@78691363]" started-at="2020-07-18T14:36:17 IST" name="testFlipkart" finished-at="2020-07-18T14:37:23 IST" duration-ms="65582" status="PASS">
          <reporter-output>
          </reporter-output>
        </test-method> <!-- testFlipkart -->
      </class> <!-- com.browserstack.test_flipkart.TestFlipkartModule -->
    </test> <!-- EdgeTest -->
    <test started-at="2020-07-18T14:37:24 IST" name="FirefoxTest" finished-at="2020-07-18T14:38:22 IST" duration-ms="57958">
      <class name="com.browserstack.test_flipkart.TestFlipkartModule">
        <test-method is-config="true" signature="initiateBrowser(java.lang.String)[pri:0, instance:com.browserstack.test_flipkart.TestFlipkartModule@5fe94a96]" started-at="2020-07-18T14:37:24 IST" name="initiateBrowser" finished-at="2020-07-18T14:37:31 IST" duration-ms="7417" status="PASS">
          <params>
            <param index="0">
              <value>
                <![CDATA[Firefox]]>
              </value>
            </param>
          </params>
          <reporter-output>
          </reporter-output>
        </test-method> <!-- initiateBrowser -->
        <test-method signature="testFlipkart()[pri:0, instance:com.browserstack.test_flipkart.TestFlipkartModule@5fe94a96]" started-at="2020-07-18T14:37:31 IST" name="testFlipkart" finished-at="2020-07-18T14:38:22 IST" duration-ms="50535" status="PASS">
          <reporter-output>
          </reporter-output>
        </test-method> <!-- testFlipkart -->
      </class> <!-- com.browserstack.test_flipkart.TestFlipkartModule -->
    </test> <!-- FirefoxTest -->
  </suite> <!-- Suite -->
</testng-results>
